<?xml version="1.0" encoding="UTF-8"?>
<robot generator="Robot 7.4.2 (Python 3.13.1 on win32)" generated="2026-04-13T12:57:16.931784" rpa="false" schemaversion="5">
<suite id="s1" name="Test" source="C:\Users\roope\OneDrive\Tiedostot\HYTE projekti FE\HYTE\test">
<suite id="s1-s1" name="Browser Demo" source="C:\Users\roope\OneDrive\Tiedostot\HYTE projekti FE\HYTE\test\browser_demo.robot">
<test id="s1-s1-t1" name="Test Web Form" line="6">
<kw name="New Browser" owner="Browser">
<msg time="2026-04-13T12:57:17.973437" level="INFO">{"browser": "chromium", "headless": false, "chromiumSandbox": false, "devtools": false, "handleSIGHUP": true, "handleSIGINT": true, "handleSIGTERM": true, "slowMo": 0.0, "timeout": 30000.0, "tracesDir": "C:\\Users\\roope\\OneDrive\\Tiedostot\\HYTE projekti FE\\HYTE\\browser\\traces\\temp\\2d466ce8-d8e6-4588-909d-4a9090da43ac"}</msg>
<msg time="2026-04-13T12:57:18.043067" level="INFO">Starting Browser process C:\Users\roope\OneDrive\Tiedostot\HYTE projekti FE\HYTE\.venv\Lib\site-packages\Browser\wrapper\index.js using at 127.0.0.1:62711</msg>
<msg time="2026-04-13T12:57:20.954041" level="INFO">Successfully created browser with options: {"browser":"chromium","headless":false,"chromiumSandbox":false,"devtools":false,"handleSIGHUP":true,"handleSIGINT":true,"handleSIGTERM":true,"slowMo":0,"timeout":30000,"tracesDir":"C:\\Users\\roope\\OneDrive\\Tiedostot\\HYTE projekti FE\\HYTE\\browser\\traces\\temp\\2d466ce8-d8e6-4588-909d-4a9090da43ac"}</msg>
<arg>chromium</arg>
<arg>headless=No</arg>
<tag>BrowserControl</tag>
<tag>Setter</tag>
<doc>Create a new playwright Browser with specified options.</doc>
<status status="PASS" start="2026-04-13T12:57:17.970560" elapsed="2.983916"/>
</kw>
<kw name="New Page" owner="Browser">
<msg time="2026-04-13T12:57:22.094530" level="INFO">Successfully initialized new page object and opened url: https://www.selenium.dev/selenium/web/web-form.html</msg>
<msg time="2026-04-13T12:57:22.094681" level="INFO">No context was open. New context was automatically opened when this page is created.</msg>
<arg>https://www.selenium.dev/selenium/web/web-form.html</arg>
<tag>BrowserControl</tag>
<tag>Setter</tag>
<doc>Open a new Page.</doc>
<status status="PASS" start="2026-04-13T12:57:20.956178" elapsed="1.139321"/>
</kw>
<kw name="Get Title" owner="Browser">
<msg time="2026-04-13T12:57:22.172820" level="INFO">Title: 'Web form'</msg>
<arg>==</arg>
<arg>Web form</arg>
<tag>Assertion</tag>
<tag>Getter</tag>
<tag>PageContent</tag>
<doc>Returns the title of the current page.</doc>
<status status="PASS" start="2026-04-13T12:57:22.096210" elapsed="0.076795"/>
</kw>
<kw name="Type Text" owner="Browser">
<msg time="2026-04-13T12:57:22.175163" level="INFO">Types the text 'somebody@example.com' in the given field.</msg>
<arg>[name="my-text"]</arg>
<arg>${Username}</arg>
<arg>delay=0.1 s</arg>
<tag>PageContent</tag>
<tag>Setter</tag>
<doc>Types the given ``txt`` into the text field found by ``selector``.</doc>
<status status="PASS" start="2026-04-13T12:57:22.173439" elapsed="2.423066"/>
</kw>
<kw name="Type Secret" owner="Browser">
<arg>[name="my-password"]</arg>
<arg>$Password</arg>
<arg>delay=0.1 s</arg>
<tag>PageContent</tag>
<tag>Setter</tag>
<doc>Types the given secret from ``variable_name`` into the text field
found by ``selector``.</doc>
<status status="PASS" start="2026-04-13T12:57:24.597211" elapsed="1.432032"/>
</kw>
<kw name="Type Text" owner="Browser">
<msg time="2026-04-13T12:57:26.031076" level="INFO">Types the text 'Hello, Robot Framework!
How are you today?' in the given field.</msg>
<arg>[name="my-textarea"]</arg>
<arg>${Message}</arg>
<arg>delay=0.1 s</arg>
<tag>PageContent</tag>
<tag>Setter</tag>
<doc>Types the given ``txt`` into the text field found by ``selector``.</doc>
<status status="PASS" start="2026-04-13T12:57:26.029883" elapsed="4.932796"/>
</kw>
<kw name="Select Options By" owner="Browser">
<msg time="2026-04-13T12:57:30.964010" level="INFO">Selects the option(s) Two by attribute SelectAttribute.label from element [name="my-select"].</msg>
<arg>[name="my-select"]</arg>
<arg>label</arg>
<arg>Two</arg>
<tag>PageContent</tag>
<tag>Setter</tag>
<doc>Selects options from select element found by ``selector``.</doc>
<status status="PASS" start="2026-04-13T12:57:30.963224" elapsed="0.037418"/>
</kw>
<kw name="Type Text" owner="Browser">
<msg time="2026-04-13T12:57:31.002127" level="INFO">Types the text 'New York' in the given field.</msg>
<arg>[name="my-datalist"]</arg>
<arg>New York</arg>
<tag>PageContent</tag>
<tag>Setter</tag>
<doc>Types the given ``txt`` into the text field found by ``selector``.</doc>
<status status="PASS" start="2026-04-13T12:57:31.001121" elapsed="0.106597"/>
</kw>
<kw name="Click" owner="Browser">
<msg time="2026-04-13T12:57:31.109314" level="INFO">Clicks the element 'css=input[type="checkbox"]'.</msg>
<msg time="2026-04-13T12:57:31.246924" level="INFO" html="true">&lt;/td&gt;&lt;/tr&gt;&lt;tr&gt;&lt;td colspan="3"&gt;&lt;a href="browser/screenshot/fail-screenshot-1.png" target="_blank"&gt;&lt;img src="browser/screenshot/fail-screenshot-1.png" width="800px"/&gt;&lt;/a&gt;</msg>
<msg time="2026-04-13T12:57:31.247440" level="INFO">See also file:///C:/Users/roope/OneDrive/Tiedostot/HYTE%20projekti%20FE/HYTE/playwright-log.txt for additional details.</msg>
<msg time="2026-04-13T12:57:31.248298" level="FAIL">Error: locator.click: Error: strict mode violation: locator('input[type="checkbox"]') resolved to 2 elements:
    1) &lt;input checked type="checkbox" name="my-check" id="my-check-1" class="form-check-input"/&gt; aka getByRole('checkbox', { name: 'Checked checkbox' })
    2) &lt;input type="checkbox" name="my-check" id="my-check-2" class="form-check-input"/&gt; aka getByRole('checkbox', { name: 'Default checkbox' })

Call log:
  - waiting for locator('input[type="checkbox"]')
</msg>
<arg>css=input[type="checkbox"]</arg>
<tag>PageContent</tag>
<tag>Setter</tag>
<doc>Simulates mouse click on the element found by ``selector``.</doc>
<status status="FAIL" start="2026-04-13T12:57:31.108215" elapsed="0.310246">Error: locator.click: Error: strict mode violation: locator('input[type="checkbox"]') resolved to 2 elements:
    1) &lt;input checked type="checkbox" name="my-check" id="my-check-1" class="form-check-input"/&gt; aka getByRole('checkbox', { name: 'Checked checkbox' })
    2) &lt;input type="checkbox" name="my-check" id="my-check-2" class="form-check-input"/&gt; aka getByRole('checkbox', { name: 'Default checkbox' })

Call log:
  - waiting for locator('input[type="checkbox"]')
</status>
</kw>
<kw name="Click" owner="Browser">
<arg>css=input[type="radio"][value="2"]</arg>
<tag>PageContent</tag>
<tag>Setter</tag>
<doc>Simulates mouse click on the element found by ``selector``.</doc>
<status status="NOT RUN" start="2026-04-13T12:57:31.419530" elapsed="0.000494"/>
</kw>
<kw name="Click" owner="Browser">
<arg>text=Submit</arg>
<tag>PageContent</tag>
<tag>Setter</tag>
<doc>Simulates mouse click on the element found by ``selector``.</doc>
<status status="NOT RUN" start="2026-04-13T12:57:31.420383" elapsed="0.000352"/>
</kw>
<kw name="Click With Options" owner="Browser">
<arg>button</arg>
<arg>delay=2 s</arg>
<tag>PageContent</tag>
<tag>Setter</tag>
<doc>Simulates mouse click on the element found by ``selector``.</doc>
<status status="NOT RUN" start="2026-04-13T12:57:31.421073" elapsed="0.000327"/>
</kw>
<kw name="Get Text" owner="Browser">
<arg>id=message</arg>
<arg>==</arg>
<arg>Received!</arg>
<tag>Assertion</tag>
<tag>Getter</tag>
<tag>PageContent</tag>
<doc>Returns text attribute of the element found by ``selector``.</doc>
<status status="NOT RUN" start="2026-04-13T12:57:31.421724" elapsed="0.000316"/>
</kw>
<status status="FAIL" start="2026-04-13T12:57:17.969632" elapsed="13.452848">Error: locator.click: Error: strict mode violation: locator('input[type="checkbox"]') resolved to 2 elements:
    1) &lt;input checked type="checkbox" name="my-check" id="my-check-1" class="form-check-input"/&gt; aka getByRole('checkbox', { name: 'Checked checkbox' })
    2) &lt;input type="checkbox" name="my-check" id="my-check-2" class="form-check-input"/&gt; aka getByRole('checkbox', { name: 'Default checkbox' })

Call log:
  - waiting for locator('input[type="checkbox"]')
</status>
</test>
<status status="FAIL" start="2026-04-13T12:57:16.984249" elapsed="14.443211"/>
</suite>
<suite id="s1-s2" name="Diarytest" source="C:\Users\roope\OneDrive\Tiedostot\HYTE projekti FE\HYTE\test\diarytest.robot">
<test id="s1-s2-t1" name="Create New Journal Entry" line="16">
<kw name="New Browser" owner="Browser">
<msg time="2026-04-13T12:57:31.482315" level="INFO">{"browser": "chromium", "headless": false, "chromiumSandbox": false, "devtools": false, "handleSIGHUP": true, "handleSIGINT": true, "handleSIGTERM": true, "slowMo": 0.0, "timeout": 30000.0, "tracesDir": "C:\\Users\\roope\\OneDrive\\Tiedostot\\HYTE projekti FE\\HYTE\\browser\\traces\\temp\\5d616c48-23ca-491a-a273-1c54df37e354"}</msg>
<msg time="2026-04-13T12:57:31.522694" level="INFO">Starting Browser process C:\Users\roope\OneDrive\Tiedostot\HYTE projekti FE\HYTE\.venv\Lib\site-packages\Browser\wrapper\index.js using at 127.0.0.1:53418</msg>
<msg time="2026-04-13T12:57:32.960388" level="INFO">Successfully created browser with options: {"browser":"chromium","headless":false,"chromiumSandbox":false,"devtools":false,"handleSIGHUP":true,"handleSIGINT":true,"handleSIGTERM":true,"slowMo":0,"timeout":30000,"tracesDir":"C:\\Users\\roope\\OneDrive\\Tiedostot\\HYTE projekti FE\\HYTE\\browser\\traces\\temp\\5d616c48-23ca-491a-a273-1c54df37e354"}</msg>
<arg>chromium</arg>
<arg>headless=False</arg>
<tag>BrowserControl</tag>
<tag>Setter</tag>
<doc>Create a new playwright Browser with specified options.</doc>
<status status="PASS" start="2026-04-13T12:57:31.481376" elapsed="1.479234"/>
</kw>
<kw name="New Page" owner="Browser">
<msg time="2026-04-13T12:57:35.553697" level="INFO">Keyword 'Take Screenshot  fail-screenshot-{index}' could not be run on failure:
Error: Tried to take screenshot, but no page was open.</msg>
<msg time="2026-04-13T12:57:35.553937" level="INFO">See also file:///C:/Users/roope/OneDrive/Tiedostot/HYTE%20projekti%20FE/HYTE/playwright-log-1776074251437075200.txt for additional details.</msg>
<msg time="2026-04-13T12:57:35.554285" level="FAIL">Error: page.goto: net::ERR_CONNECTION_REFUSED at http://localhost:5173/
Call log:
  - navigating to "http://localhost:5173/", waiting until "load"
</msg>
<arg>${BASE_URL}</arg>
<tag>BrowserControl</tag>
<tag>Setter</tag>
<doc>Open a new Page.</doc>
<status status="FAIL" start="2026-04-13T12:57:32.961040" elapsed="2.622027">Error: page.goto: net::ERR_CONNECTION_REFUSED at http://localhost:5173/
Call log:
  - navigating to "http://localhost:5173/", waiting until "load"
</status>
</kw>
<kw name="Wait For Elements State" owner="Browser">
<arg>text=Päiväkirja</arg>
<arg>visible</arg>
<arg>timeout=3s</arg>
<tag>PageContent</tag>
<tag>Wait</tag>
<doc>Waits for the element found by ``selector`` to satisfy state option.</doc>
<status status="NOT RUN" start="2026-04-13T12:57:35.583564" elapsed="0.000618"/>
</kw>
<kw name="Click" owner="Browser">
<arg>text=Päiväkirja</arg>
<tag>PageContent</tag>
<tag>Setter</tag>
<doc>Simulates mouse click on the element found by ``selector``.</doc>
<status status="NOT RUN" start="2026-04-13T12:57:35.584591" elapsed="0.000516"/>
</kw>
<kw name="Wait For Elements State" owner="Browser">
<arg>text=Luo uusi merkintä</arg>
<arg>visible</arg>
<arg>timeout=5s</arg>
<tag>PageContent</tag>
<tag>Wait</tag>
<doc>Waits for the element found by ``selector`` to satisfy state option.</doc>
<status status="NOT RUN" start="2026-04-13T12:57:35.585547" elapsed="0.000629"/>
</kw>
<kw name="Click" owner="Browser">
<arg>text=Luo uusi merkintä</arg>
<tag>PageContent</tag>
<tag>Setter</tag>
<doc>Simulates mouse click on the element found by ``selector``.</doc>
<status status="NOT RUN" start="2026-04-13T12:57:35.586587" elapsed="0.000457"/>
</kw>
<kw name="Wait For Elements State" owner="Browser">
<arg>text=Päivämäärä</arg>
<arg>visible</arg>
<arg>timeout=5s</arg>
<tag>PageContent</tag>
<tag>Wait</tag>
<doc>Waits for the element found by ``selector`` to satisfy state option.</doc>
<status status="NOT RUN" start="2026-04-13T12:57:35.587497" elapsed="0.000632"/>
</kw>
<kw name="Fill Text" owner="Browser">
<arg>input[name="entry_date"]</arg>
<arg>2026-04-01</arg>
<tag>PageContent</tag>
<tag>Setter</tag>
<doc>Clears and fills the given ``txt`` into the text field found by ``selector``.</doc>
<status status="NOT RUN" start="2026-04-13T12:57:35.588743" elapsed="0.000578"/>
</kw>
<kw name="Fill Text" owner="Browser">
<arg>input[name="mood"]</arg>
<arg>${MOOD}</arg>
<tag>PageContent</tag>
<tag>Setter</tag>
<doc>Clears and fills the given ``txt`` into the text field found by ``selector``.</doc>
<status status="NOT RUN" start="2026-04-13T12:57:35.589713" elapsed="0.000411"/>
</kw>
<kw name="Fill Text" owner="Browser">
<arg>input[name="weight"]</arg>
<arg>${WEIGHT}</arg>
<tag>PageContent</tag>
<tag>Setter</tag>
<doc>Clears and fills the given ``txt`` into the text field found by ``selector``.</doc>
<status status="NOT RUN" start="2026-04-13T12:57:35.590978" elapsed="0.000779"/>
</kw>
<kw name="Fill Text" owner="Browser">
<arg>input[name="sleep_hours"]</arg>
<arg>${SLEEP}</arg>
<tag>PageContent</tag>
<tag>Setter</tag>
<doc>Clears and fills the given ``txt`` into the text field found by ``selector``.</doc>
<status status="NOT RUN" start="2026-04-13T12:57:35.592401" elapsed="0.000697"/>
</kw>
<kw name="Fill Text" owner="Browser">
<arg>input[name="steps"]</arg>
<arg>${STEPS}</arg>
<tag>PageContent</tag>
<tag>Setter</tag>
<doc>Clears and fills the given ``txt`` into the text field found by ``selector``.</doc>
<status status="NOT RUN" start="2026-04-13T12:57:35.593635" elapsed="0.000648"/>
</kw>
<kw name="Fill Text" owner="Browser">
<arg>input[name="caloriesConsumed"]</arg>
<arg>${EATEN}</arg>
<tag>PageContent</tag>
<tag>Setter</tag>
<doc>Clears and fills the given ``txt`` into the text field found by ``selector``.</doc>
<status status="NOT RUN" start="2026-04-13T12:57:35.594868" elapsed="0.000516"/>
</kw>
<kw name="Fill Text" owner="Browser">
<arg>input[name="caloriesBurned"]</arg>
<arg>${BURNED}</arg>
<tag>PageContent</tag>
<tag>Setter</tag>
<doc>Clears and fills the given ``txt`` into the text field found by ``selector``.</doc>
<status status="NOT RUN" start="2026-04-13T12:57:35.595877" elapsed="0.000617"/>
</kw>
<kw name="Fill Text" owner="Browser">
<arg>textarea[name="notes"]</arg>
<arg>${NOTE}</arg>
<tag>PageContent</tag>
<tag>Setter</tag>
<doc>Clears and fills the given ``txt`` into the text field found by ``selector``.</doc>
<status status="NOT RUN" start="2026-04-13T12:57:35.596962" elapsed="0.000609"/>
</kw>
<kw name="Click" owner="Browser">
<arg>text=Tallenna</arg>
<tag>PageContent</tag>
<tag>Setter</tag>
<doc>Simulates mouse click on the element found by ``selector``.</doc>
<status status="NOT RUN" start="2026-04-13T12:57:35.598520" elapsed="0.000835"/>
</kw>
<msg time="2026-04-13T12:57:35.625086" level="INFO">Switching context to context=7e9f0524-be1a-4bee-9b69-10979a9c42fc in CURRENT</msg>
<msg time="2026-04-13T12:57:35.632222" level="INFO">Successfully changed active context: context=7e9f0524-be1a-4bee-9b69-10979a9c42fc</msg>
<msg time="2026-04-13T12:57:35.651550" level="INFO">Successfully closed Context</msg>
<status status="FAIL" start="2026-04-13T12:57:31.480080" elapsed="4.120179">Error: page.goto: net::ERR_CONNECTION_REFUSED at http://localhost:5173/
Call log:
  - navigating to "http://localhost:5173/", waiting until "load"
</status>
</test>
<status status="FAIL" start="2026-04-13T12:57:31.431600" elapsed="4.221342"/>
</suite>
<status status="FAIL" start="2026-04-13T12:57:16.933938" elapsed="18.727627"/>
</suite>
<statistics>
<total>
<stat pass="0" fail="2" skip="0">All Tests</stat>
</total>
<tag>
</tag>
<suite>
<stat name="Test" id="s1" pass="0" fail="2" skip="0">Test</stat>
<stat name="Browser Demo" id="s1-s1" pass="0" fail="1" skip="0">Test.Browser Demo</stat>
<stat name="Diarytest" id="s1-s2" pass="0" fail="1" skip="0">Test.Diarytest</stat>
</suite>
</statistics>
<errors>
</errors>
</robot>
